2019-08-17 21:51:56.100+0530|[INFO]|SampleApplication.logStarting() line50|RID:| Starting SampleApplication on 03281-009L with PID 12984 (started by Eshan_zincat in D:\My\Project\Demo APP)
2019-08-17 21:51:56.103+0530|[INFO]|SampleApplication.logStartupProfileInfo() line647|RID:| No active profile set, falling back to default profiles: default
2019-08-17 21:51:56.279+0530|[INFO]|DevToolsPropertyDefaultsPostProcessor.logTo() line225|RID:| Devtools property defaults active! Set 'spring.devtools.add-properties' to 'false' to disable
2019-08-17 21:51:56.280+0530|[INFO]|DevToolsPropertyDefaultsPostProcessor.logTo() line225|RID:| For additional web related logging consider setting the 'logging.level.web' property to 'DEBUG'
2019-08-17 21:51:58.444+0530|[INFO]|RepositoryConfigurationDelegate.registerRepositoriesIn() line126|RID:| Bootstrapping Spring Data repositories in DEFAULT mode.
2019-08-17 21:51:58.504+0530|[INFO]|RepositoryConfigurationDelegate.registerRepositoriesIn() line182|RID:| Finished Spring Data repository scanning in 33ms. Found 0 repository interfaces.
2019-08-17 21:52:00.110+0530|[INFO]|PostProcessorRegistrationDelegate$BeanPostProcessorChecker.postProcessAfterInitialization() line330|RID:| Bean 'org.springframework.transaction.annotation.ProxyTransactionManagementConfiguration' of type [org.springframework.transaction.annotation.ProxyTransactionManagementConfiguration$$EnhancerBySpringCGLIB$$6bc2f956] is not eligible for getting processed by all BeanPostProcessors (for example: not eligible for auto-proxying)
2019-08-17 21:52:01.141+0530|[INFO]|TomcatWebServer.initialize() line90|RID:| Tomcat initialized with port(s): 8082 (http)
2019-08-17 21:52:01.162+0530|[INFO]|Http11NioProtocol.log() line173|RID:| Initializing ProtocolHandler ["http-nio-8082"]
2019-08-17 21:52:01.175+0530|[INFO]|StandardService.log() line173|RID:| Starting service [Tomcat]
2019-08-17 21:52:01.177+0530|[INFO]|StandardEngine.log() line173|RID:| Starting Servlet engine: [Apache Tomcat/9.0.22]
2019-08-17 21:52:01.447+0530|[INFO]|[/].log() line173|RID:| Initializing Spring embedded WebApplicationContext
2019-08-17 21:52:01.447+0530|[INFO]|ContextLoader.prepareWebApplicationContext() line284|RID:| Root WebApplicationContext: initialization completed in 5167 ms
2019-08-17 21:52:02.630+0530|[INFO]|HikariDataSource.getConnection() line110|RID:| HikariPool-1 - Starting...
2019-08-17 21:52:02.810+0530|[INFO]|HikariDataSource.getConnection() line123|RID:| HikariPool-1 - Start completed.
2019-08-17 21:52:02.999+0530|[INFO]|Version.logVersion() line46|RID:| HHH000412: Hibernate Core {5.3.10.Final}
2019-08-17 21:52:03.002+0530|[INFO]|Environment.<clinit>() line213|RID:| HHH000206: hibernate.properties not found
2019-08-17 21:52:03.595+0530|[INFO]|Version.<clinit>() line49|RID:| HCANN000001: Hibernate Commons Annotations {5.0.4.Final}
2019-08-17 21:52:04.032+0530|[INFO]|Dialect.<init>() line157|RID:| HHH000400: Using dialect: org.hibernate.dialect.MySQL5InnoDBDialect
2019-08-17 21:52:04.366+0530|[INFO]|LocalContainerEntityManagerFactoryBean.buildNativeEntityManagerFactory() line415|RID:| Initialized JPA EntityManagerFactory for persistence unit 'default'
2019-08-17 21:52:04.448+0530|[INFO]|OptionalLiveReloadServer.startServer() line57|RID:| LiveReload server is running on port 35729
2019-08-17 21:52:04.950+0530|[WARN]|JpaBaseConfiguration$JpaWebConfiguration$JpaWebMvcConfiguration.openEntityManagerInViewInterceptor() line226|RID:| spring.jpa.open-in-view is enabled by default. Therefore, database queries may be performed during view rendering. Explicitly configure spring.jpa.open-in-view to disable this warning
2019-08-17 21:52:05.298+0530|[INFO]|EndpointLinksResolver.<init>() line58|RID:| Exposing 2 endpoint(s) beneath base path '/actuator'
2019-08-17 21:52:05.560+0530|[INFO]|ThreadPoolTaskExecutor.initialize() line171|RID:| Initializing ExecutorService
2019-08-17 21:52:05.563+0530|[INFO]|ThreadPoolTaskExecutor.initialize() line171|RID:| Initializing ExecutorService 'taskExecutor'
2019-08-17 21:52:05.619+0530|[INFO]|PropertySourcedRequestMappingHandlerMapping.initHandlerMethods() line69|RID:| Mapped URL path [/v2/api-docs] onto method [public org.springframework.http.ResponseEntity<springfox.documentation.spring.web.json.Json> springfox.documentation.swagger2.web.Swagger2Controller.getDocumentation(java.lang.String,javax.servlet.http.HttpServletRequest)]
2019-08-17 21:52:06.506+0530|[INFO]|DocumentationPluginsBootstrapper.start() line160|RID:| Context refreshed
2019-08-17 21:52:06.535+0530|[INFO]|DocumentationPluginsBootstrapper.start() line163|RID:| Found 1 custom documentation plugin(s)
2019-08-17 21:52:06.591+0530|[INFO]|ApiListingReferenceScanner.scan() line41|RID:| Scanning for api listing references
2019-08-17 21:52:06.958+0530|[INFO]|Http11NioProtocol.log() line173|RID:| Starting ProtocolHandler ["http-nio-8082"]
2019-08-17 21:52:07.026+0530|[INFO]|TomcatWebServer.start() line202|RID:| Tomcat started on port(s): 8082 (http) with context path ''
2019-08-17 21:52:07.035+0530|[INFO]|SampleApplication.logStarted() line59|RID:| Started SampleApplication in 11.499 seconds (JVM running for 16.151)
2019-08-17 21:52:08.411+0530|[INFO]|[/].log() line173|RID:| Initializing Spring DispatcherServlet 'dispatcherServlet'
2019-08-17 21:52:08.412+0530|[INFO]|DispatcherServlet.initServletBean() line524|RID:| Initializing Servlet 'dispatcherServlet'
2019-08-17 21:52:08.460+0530|[INFO]|DispatcherServlet.initServletBean() line546|RID:| Completed initialization in 47 ms
